<?xml version="1.0" encoding="UTF-8"?>
<!-- Generated by org.testng.reporters.JUnitXMLReporter -->
<testsuite hostname="DESKTOP-6AEVILI" ignored="2" name="Tests" tests="2" failures="0" timestamp="14 мая 2017 09:18:59 GMT" time="11.106" errors="0">
  <testcase name="test1" time="3.202" classname="Tests.Tests"/>
  <testcase name="test2" time="1.319" classname="Tests.Tests"/>
  <testcase name="@AfterTest afterTest" time="0.0" classname="Tests.BaseTest">
    <ignored/>
  </testcase> <!-- @AfterTest afterTest -->
  <testcase name="@BeforeTest beforeTest" time="0.0" classname="Tests.BaseTest">
    <ignored/>
  </testcase> <!-- @BeforeTest beforeTest -->
</testsuite> <!-- Tests -->
