<?xml version="1.0" encoding="UTF-8"?>
<testng-results skipped="0" failed="0" ignored="2" total="4" passed="2">
  <reporter-output>
  </reporter-output>
  <suite name="Test suite" duration-ms="11106" started-at="2017-05-14T09:18:48Z" finished-at="2017-05-14T09:18:59Z">
    <groups>
    </groups>
    <test name="Tests" duration-ms="11106" started-at="2017-05-14T09:18:48Z" finished-at="2017-05-14T09:18:59Z">
      <class name="Tests.Tests">
        <test-method status="PASS" signature="test1()[pri:0, instance:Tests.Tests@6e1ec318]" name="test1" duration-ms="3202" started-at="2017-05-14T12:18:52Z" finished-at="2017-05-14T12:18:55Z">
          <reporter-output>
          </reporter-output>
        </test-method> <!-- test1 -->
        <test-method status="PASS" signature="test2()[pri:0, instance:Tests.Tests@6e1ec318]" name="test2" duration-ms="1319" started-at="2017-05-14T12:18:55Z" finished-at="2017-05-14T12:18:56Z">
          <reporter-output>
          </reporter-output>
        </test-method> <!-- test2 -->
      </class> <!-- Tests.Tests -->
      <class name="Tests.BaseTest">
        <test-method status="PASS" signature="beforeTest()[pri:0, instance:Tests.BaseTest@10bdf5e5]" name="beforeTest" is-config="true" duration-ms="3514" started-at="2017-05-14T12:18:48Z" finished-at="2017-05-14T12:18:52Z">
          <reporter-output>
          </reporter-output>
        </test-method> <!-- beforeTest -->
        <test-method status="PASS" signature="afterTest()[pri:0, instance:Tests.BaseTest@10bdf5e5]" name="afterTest" is-config="true" duration-ms="3060" started-at="2017-05-14T12:18:56Z" finished-at="2017-05-14T12:18:59Z">
          <reporter-output>
          </reporter-output>
        </test-method> <!-- afterTest -->
      </class> <!-- Tests.BaseTest -->
    </test> <!-- Tests -->
  </suite> <!-- Test suite -->
</testng-results>
